<?xml version="1.0" encoding="UTF-8"?>
<testsuite name="Scenario: Test" tests="2" skipped="0" failures="0" errors="0" timestamp="2019-08-28T09:24:51" hostname="GR5665.local" time="0.0">
  <properties/>
  <testcase name="Given Execute api" classname="Scenario: Test" time="0.0"/>
  <testcase name="classMethod" classname="Scenario: Test" time="0.098"/>
  <system-out><![CDATA[Hi
]]></system-out>
  <system-err><![CDATA[]]></system-err>
</testsuite>
